<?xml version="1.0" encoding="UTF-8"?>
<!-- Generated by org.testng.reporters.JUnitReportReporter -->
<testsuite hostname="LAPTOP-KDEDUO2F" failures="0" tests="1" name="com.sgtesting.actitime.driverscript.DriverScript" time="98.020" errors="0" timestamp="2022-03-19T18:28:41 IST" skipped="0">
  <testcase classname="com.sgtesting.actitime.driverscript.DriverScript" name="executeTestScenarios" time="98.020"/>
  <system-out/>
</testsuite> <!-- com.sgtesting.actitime.driverscript.DriverScript -->
